This is pdfTeX, Version 3.141592653-2.6-1.40.27 (TeX Live 2025) (preloaded format=pdflatex 2025.3.8)  7 DEC 2025 13:40
entering extended mode
 restricted \write18 enabled.
 file:line:error style messages enabled.
 %&-line parsing enabled.
**"/Users/tristanhampton/Documents/Hobbies & Projects/Book Binding/The Boston Cooking-School Cook Book/the-boston-cooking-school-cook-book.tex"
(/Users/tristanhampton/Documents/Hobbies & Projects/Book Binding/The Boston Cooking-School Cook Book/the-boston-cooking-school-cook-book.tex
LaTeX2e <2024-11-01> patch level 2
L3 programming layer <2025-01-18>
(/usr/local/texlive/2025/texmf-dist/tex/latex/base/book.cls
Document Class: book 2024/06/29 v1.4n Standard LaTeX document class
(/usr/local/texlive/2025/texmf-dist/tex/latex/base/bk11.clo
File: bk11.clo 2024/06/29 v1.4n Standard LaTeX file (size option)
)
\c@part=\count196
\c@chapter=\count197
\c@section=\count198
\c@subsection=\count199
\c@subsubsection=\count266
\c@paragraph=\count267
\c@subparagraph=\count268
\c@figure=\count269
\c@table=\count270
\abovecaptionskip=\skip49
\belowcaptionskip=\skip50
\bibindent=\dimen141
) (/usr/local/texlive/2025/texmf-dist/tex/latex/base/inputenc.sty
Package: inputenc 2024/02/08 v1.3d Input encoding file
\inpenc@prehook=\toks17
\inpenc@posthook=\toks18
) (/usr/local/texlive/2025/texmf-dist/tex/latex/base/fontenc.sty
Package: fontenc 2021/04/29 v2.0v Standard LaTeX package
) (/usr/local/texlive/2025/texmf-dist/tex/latex/geometry/geometry.sty
Package: geometry 2020/01/02 v5.9 Page Geometry
 (/usr/local/texlive/2025/texmf-dist/tex/latex/graphics/keyval.sty
Package: keyval 2022/05/29 v1.15 key=value parser (DPC)
\KV@toks@=\toks19
) (/usr/local/texlive/2025/texmf-dist/tex/generic/iftex/ifvtex.sty
Package: ifvtex 2019/10/25 v1.7 ifvtex legacy package. Use iftex instead.
 (/usr/local/texlive/2025/texmf-dist/tex/generic/iftex/iftex.sty
Package: iftex 2024/12/12 v1.0g TeX engine tests
))
\Gm@cnth=\count271
\Gm@cntv=\count272
\c@Gm@tempcnt=\count273
\Gm@bindingoffset=\dimen142
\Gm@wd@mp=\dimen143
\Gm@odd@mp=\dimen144
\Gm@even@mp=\dimen145
\Gm@layoutwidth=\dimen146
\Gm@layoutheight=\dimen147
\Gm@layouthoffset=\dimen148
\Gm@layoutvoffset=\dimen149
\Gm@dimlist=\toks20
) (/usr/local/texlive/2025/texmf-dist/tex/latex/microtype/microtype.sty
Package: microtype 2025/02/11 v3.2a Micro-typographical refinements (RS)
 (/usr/local/texlive/2025/texmf-dist/tex/latex/etoolbox/etoolbox.sty
Package: etoolbox 2025/02/11 v2.5l e-TeX tools for LaTeX (JAW)
\etb@tempcnta=\count274
)
\MT@toks=\toks21
\MT@tempbox=\box52
\MT@count=\count275
LaTeX Info: Redefining \noprotrusionifhmode on input line 1087.
LaTeX Info: Redefining \leftprotrusion on input line 1088.
\MT@prot@toks=\toks22
LaTeX Info: Redefining \rightprotrusion on input line 1107.
LaTeX Info: Redefining \textls on input line 1449.
\MT@outer@kern=\dimen150
LaTeX Info: Redefining \microtypecontext on input line 2053.
LaTeX Info: Redefining \textmicrotypecontext on input line 2070.
\MT@listname@count=\count276
 (/usr/local/texlive/2025/texmf-dist/tex/latex/microtype/microtype-pdftex.def
File: microtype-pdftex.def 2025/02/11 v3.2a Definitions specific to pdftex (RS)
LaTeX Info: Redefining \lsstyle on input line 944.
LaTeX Info: Redefining \lslig on input line 944.
\MT@outer@space=\skip51
)
Package microtype Info: Loading configuration file microtype.cfg.
 (/usr/local/texlive/2025/texmf-dist/tex/latex/microtype/microtype.cfg
File: microtype.cfg 2025/02/11 v3.2a microtype main configuration file (RS)
)
LaTeX Info: Redefining \microtypesetup on input line 3065.
) (/usr/local/texlive/2025/texmf-dist/tex/latex/titlesec/titlesec.sty
Package: titlesec 2025/01/04 v2.17 Sectioning titles
\ttl@box=\box53
\beforetitleunit=\skip52
\aftertitleunit=\skip53
\ttl@plus=\dimen151
\ttl@minus=\dimen152
\ttl@toksa=\toks23
\titlewidth=\dimen153
\titlewidthlast=\dimen154
\titlewidthfirst=\dimen155
) (/usr/local/texlive/2025/texmf-dist/tex/latex/enumitem/enumitem.sty
Package: enumitem 2025/02/06 v3.11 Customized lists
\labelindent=\skip54
\enit@outerparindent=\dimen156
\enit@toks=\toks24
\enit@inbox=\box54
\enit@count@id=\count277
\enitdp@description=\count278
) (/usr/local/texlive/2025/texmf-dist/tex/latex/tools/array.sty
Package: array 2024/10/17 v2.6g Tabular extension package (FMi)
\col@sep=\dimen157
\ar@mcellbox=\box55
\extrarowheight=\dimen158
\NC@list=\toks25
\extratabsurround=\skip55
\backup@length=\skip56
\ar@cellbox=\box56
) (/usr/local/texlive/2025/texmf-dist/tex/latex/xcolor/xcolor.sty
Package: xcolor 2024/09/29 v3.02 LaTeX color extensions (UK)
 (/usr/local/texlive/2025/texmf-dist/tex/latex/graphics-cfg/color.cfg
File: color.cfg 2016/01/02 v1.6 sample color configuration
)
Package xcolor Info: Driver file: pdftex.def on input line 274.
 (/usr/local/texlive/2025/texmf-dist/tex/latex/graphics-def/pdftex.def
File: pdftex.def 2024/04/13 v1.2c Graphics/color driver for pdftex
) (/usr/local/texlive/2025/texmf-dist/tex/latex/graphics/mathcolor.ltx)
Package xcolor Info: Model `cmy' substituted by `cmy0' on input line 1349.
Package xcolor Info: Model `hsb' substituted by `rgb' on input line 1353.
Package xcolor Info: Model `RGB' extended on input line 1365.
Package xcolor Info: Model `HTML' substituted by `rgb' on input line 1367.
Package xcolor Info: Model `Hsb' substituted by `hsb' on input line 1368.
Package xcolor Info: Model `tHsb' substituted by `hsb' on input line 1369.
Package xcolor Info: Model `HSB' substituted by `hsb' on input line 1370.
Package xcolor Info: Model `Gray' substituted by `gray' on input line 1371.
Package xcolor Info: Model `wave' substituted by `hsb' on input line 1372.
) (/usr/local/texlive/2025/texmf-dist/tex/latex/colortbl/colortbl.sty
Package: colortbl 2024/07/06 v1.0i Color table columns (DPC)
\everycr=\toks26
\minrowclearance=\skip57
\rownum=\count279
) (/usr/local/texlive/2025/texmf-dist/tex/latex/tools/multicol.sty
Package: multicol 2024/09/14 v1.9i multicolumn formatting (FMi)
\c@tracingmulticols=\count280
\mult@box=\box57
\multicol@leftmargin=\dimen159
\c@unbalance=\count281
\c@collectmore=\count282
\doublecol@number=\count283
\multicoltolerance=\count284
\multicolpretolerance=\count285
\full@width=\dimen160
\page@free=\dimen161
\premulticols=\dimen162
\postmulticols=\dimen163
\multicolsep=\skip58
\multicolbaselineskip=\skip59
\partial@page=\box58
\last@line=\box59
\mc@boxedresult=\box60
\maxbalancingoverflow=\dimen164
\mult@rightbox=\box61
\mult@grightbox=\box62
\mult@firstbox=\box63
\mult@gfirstbox=\box64
\@tempa=\box65
\@tempa=\box66
\@tempa=\box67
\@tempa=\box68
\@tempa=\box69
\@tempa=\box70
\@tempa=\box71
\@tempa=\box72
\@tempa=\box73
\@tempa=\box74
\@tempa=\box75
\@tempa=\box76
\@tempa=\box77
\@tempa=\box78
\@tempa=\box79
\@tempa=\box80
\@tempa=\box81
\@tempa=\box82
\@tempa=\box83
\@tempa=\box84
\@tempa=\box85
\@tempa=\box86
\@tempa=\box87
\@tempa=\box88
\@tempa=\box89
\@tempa=\box90
\@tempa=\box91
\@tempa=\box92
\@tempa=\box93
\@tempa=\box94
\@tempa=\box95
\@tempa=\box96
\@tempa=\box97
\@tempa=\box98
\@tempa=\box99
\@tempa=\box100
\c@minrows=\count286
\c@columnbadness=\count287
\c@finalcolumnbadness=\count288
\last@try=\dimen165
\multicolovershoot=\dimen166
\multicolundershoot=\dimen167
\mult@nat@firstbox=\box101
\colbreak@box=\box102
\mc@col@check@num=\count289
) (/usr/local/texlive/2025/texmf-dist/tex/latex/needspace/needspace.sty
Package: needspace 2010/09/12 v1.3d reserve vertical space
) (/usr/local/texlive/2025/texmf-dist/tex/latex/graphics/graphicx.sty
Package: graphicx 2021/09/16 v1.2d Enhanced LaTeX Graphics (DPC,SPQR)
 (/usr/local/texlive/2025/texmf-dist/tex/latex/graphics/graphics.sty
Package: graphics 2024/08/06 v1.4g Standard LaTeX Graphics (DPC,SPQR)
 (/usr/local/texlive/2025/texmf-dist/tex/latex/graphics/trig.sty
Package: trig 2023/12/02 v1.11 sin cos tan (DPC)
) (/usr/local/texlive/2025/texmf-dist/tex/latex/graphics-cfg/graphics.cfg
File: graphics.cfg 2016/06/04 v1.11 sample graphics configuration
)
Package graphics Info: Driver file: pdftex.def on input line 106.
)
\Gin@req@height=\dimen168
\Gin@req@width=\dimen169
) (/usr/local/texlive/2025/texmf-dist/tex/latex/l3backend/l3backend-pdftex.def
File: l3backend-pdftex.def 2024-05-08 L3 backend support: PDF output (pdfTeX)
\l__color_backend_stack_int=\count290
\l__pdf_internal_box=\box103
) (./the-boston-cooking-school-cook-book.aux)
\openout1 = `the-boston-cooking-school-cook-book.aux'.

LaTeX Font Info:    Checking defaults for OML/cmm/m/it on input line 54.
LaTeX Font Info:    ... okay on input line 54.
LaTeX Font Info:    Checking defaults for OMS/cmsy/m/n on input line 54.
LaTeX Font Info:    ... okay on input line 54.
LaTeX Font Info:    Checking defaults for OT1/cmr/m/n on input line 54.
LaTeX Font Info:    ... okay on input line 54.
LaTeX Font Info:    Checking defaults for T1/cmr/m/n on input line 54.
LaTeX Font Info:    ... okay on input line 54.
LaTeX Font Info:    Checking defaults for TS1/cmr/m/n on input line 54.
LaTeX Font Info:    ... okay on input line 54.
LaTeX Font Info:    Checking defaults for OMX/cmex/m/n on input line 54.
LaTeX Font Info:    ... okay on input line 54.
LaTeX Font Info:    Checking defaults for U/cmr/m/n on input line 54.
LaTeX Font Info:    ... okay on input line 54.

*geometry* driver: auto-detecting
*geometry* detected driver: pdftex
*geometry* verbose mode - [ preamble ] result:
* driver: pdftex
* paper: letterpaper
* layout: <same size as paper>
* layoutoffset:(h,v)=(0.0pt,0.0pt)
* modes: twoside 
* h-part:(L,W,R)=(72.26999pt, 469.75502pt, 72.26999pt)
* v-part:(T,H,B)=(72.26999pt, 650.43001pt, 72.26999pt)
* \paperwidth=614.295pt
* \paperheight=794.96999pt
* \textwidth=469.75502pt
* \textheight=650.43001pt
* \oddsidemargin=0.0pt
* \evensidemargin=0.0pt
* \topmargin=-31.8738pt
* \headheight=12.0pt
* \headsep=19.8738pt
* \topskip=11.0pt
* \footskip=27.46295pt
* \marginparwidth=116.0pt
* \marginparsep=7.0pt
* \columnsep=10.0pt
* \skip\footins=10.0pt plus 4.0pt minus 2.0pt
* \hoffset=0.0pt
* \voffset=0.0pt
* \mag=1000
* \@twocolumnfalse
* \@twosidetrue
* \@mparswitchtrue
* \@reversemarginfalse
* (1in=72.27pt=25.4mm, 1cm=28.453pt)

LaTeX Info: Redefining \microtypecontext on input line 54.
Package microtype Info: Applying patch `item' on input line 54.
Package microtype Info: Applying patch `toc' on input line 54.
Package microtype Info: Applying patch `eqnum' on input line 54.
Package microtype Info: Applying patch `footnote' on input line 54.
Package microtype Info: Applying patch `verbatim' on input line 54.
LaTeX Info: Redefining \microtypesetup on input line 54.
Package microtype Info: Generating PDF output.
Package microtype Info: Character protrusion enabled (level 2).
Package microtype Info: Using default protrusion set `alltext'.
Package microtype Info: Automatic font expansion enabled (level 2),
(microtype)             stretch: 20, shrink: 20, step: 1, non-selected.
Package microtype Info: Using default expansion set `alltext-nott'.
LaTeX Info: Redefining \showhyphens on input line 54.
Package microtype Info: No adjustment of tracking.
Package microtype Info: No adjustment of interword spacing.
Package microtype Info: No adjustment of character kerning.
(/usr/local/texlive/2025/texmf-dist/tex/latex/microtype/mt-cmr.cfg
File: mt-cmr.cfg 2013/05/19 v2.2 microtype config. file: Computer Modern Roman (RS)
) (/usr/local/texlive/2025/texmf-dist/tex/context/base/mkii/supp-pdf.mkii
[Loading MPS to PDF converter (version 2006.09.02).]
\scratchcounter=\count291
\scratchdimen=\dimen170
\scratchbox=\box104
\nofMPsegments=\count292
\nofMParguments=\count293
\everyMPshowfont=\toks27
\MPscratchCnt=\count294
\MPscratchDim=\dimen171
\MPnumerator=\count295
\makeMPintoPDFobject=\count296
\everyMPtoPDFconversion=\toks28
) (/usr/local/texlive/2025/texmf-dist/tex/latex/epstopdf-pkg/epstopdf-base.sty
Package: epstopdf-base 2020-01-24 v2.11 Base part for package epstopdf
Package epstopdf-base Info: Redefining graphics rule for `.eps' on input line 485.
 (/usr/local/texlive/2025/texmf-dist/tex/latex/latexconfig/epstopdf-sys.cfg
File: epstopdf-sys.cfg 2010/07/13 v1.3 Configuration of (r)epstopdf for TeX Live
))
<divider-chapter.png, id=1, 210.29099pt x 20.32813pt>
File: divider-chapter.png Graphic file (type png)
<use divider-chapter.png>
Package pdftex.def Info: divider-chapter.png  used on input line 57.
(pdftex.def)             Requested size: 361.34999pt x 34.93172pt.


[1


{/usr/local/texlive/2025/texmf-var/fonts/map/pdftex/updmap/pdftex.map}{/usr/local/texlive/2025/texmf-dist/fonts/enc/dvips/cm-super/cm-super-t1.enc} <./divider-chapter.png>]

[2

]
File: divider-chapter.png Graphic file (type png)
<use divider-chapter.png>
Package pdftex.def Info: divider-chapter.png  used on input line 86.
(pdftex.def)             Requested size: 361.34999pt x 34.93172pt.
 (./the-boston-cooking-school-cook-book.toc

[3])
\tf@toc=\write3
\openout3 = `the-boston-cooking-school-cook-book.toc'.



[4]
Chapter 1.
File: divider-chapter.png Graphic file (type png)
<use divider-chapter.png>
Package pdftex.def Info: divider-chapter.png  used on input line 94.
(pdftex.def)             Requested size: 361.34999pt x 34.93172pt.
LaTeX Font Info:    External font `cmex10' loaded for size
(Font)              <10.95> on input line 114.
LaTeX Font Info:    External font `cmex10' loaded for size
(Font)              <8> on input line 114.
LaTeX Font Info:    External font `cmex10' loaded for size
(Font)              <6> on input line 114.


[5

]

[6{/usr/local/texlive/2025/texmf-dist/fonts/enc/dvips/cm-super/cm-super-ts1.enc}]

[7]

[8]

[9]

[10]

[11]

[12]

[13]

[14

]
Chapter 2.
File: divider-chapter.png Graphic file (type png)
<use divider-chapter.png>
Package pdftex.def Info: divider-chapter.png  used on input line 724.
(pdftex.def)             Requested size: 361.34999pt x 34.93172pt.


[15]

[16]

[17]

[18]

[19]
LaTeX Font Info:    External font `cmex10' loaded for size
(Font)              <12> on input line 1098.


[20]

[21]

[22]
Overfull \vbox (4.71027pt too high) has occurred while \output is active []



[23]

[24

]

[25

]

[26]

[27

]

[28

]
Chapter 3.
File: divider-chapter.png Graphic file (type png)
<use divider-chapter.png>
Package pdftex.def Info: divider-chapter.png  used on input line 1643.
(pdftex.def)             Requested size: 361.34999pt x 34.93172pt.


[29]

[30]

[31]

[32]

[33]

[34]

[35]

[36]

[37]

[38]

[39]

[40]
Chapter 4.
File: divider-chapter.png Graphic file (type png)
<use divider-chapter.png>
Package pdftex.def Info: divider-chapter.png  used on input line 2561.
(pdftex.def)             Requested size: 361.34999pt x 34.93172pt.


[41

]

[42]

[43]

[44]

[45]

[46]

[47]

[48]

[49]

[50]

[51]

[52]

[53]

[54]

[55]

[56]

[57]

[58]

[59]

[60]
Chapter 5.
File: divider-chapter.png Graphic file (type png)
<use divider-chapter.png>
Package pdftex.def Info: divider-chapter.png  used on input line 4175.
(pdftex.def)             Requested size: 361.34999pt x 34.93172pt.


[61

]

[62]

[63]

[64]

[65]

[66]

[67]

[68]

[69]

[70]

[71]

[72]

[73]

[74]

[75]

[76]

[77]

[78

]
Chapter 6.
File: divider-chapter.png Graphic file (type png)
<use divider-chapter.png>
Package pdftex.def Info: divider-chapter.png  used on input line 5756.
(pdftex.def)             Requested size: 361.34999pt x 34.93172pt.


[79]
Underfull \hbox (badness 10000) in paragraph at lines 5851--5851
[]|\T1/cmr/m/n/10.95 (+20) Steam-cooked and rolled
 []



[80]

[81]

[82]

[83]

[84]

[85]
Underfull \hbox (badness 5022) in paragraph at lines 6255--6256
[]\T1/cmr/m/n/10.95 (+20) 1/2 cup grated Parme-san
 []


Underfull \hbox (badness 10000) in paragraph at lines 6256--6257
[]\T1/cmr/m/n/10.95 (+20) 1/4 cup chopped cooked
 []



[86]
Chapter 7.
File: divider-chapter.png Graphic file (type png)
<use divider-chapter.png>
Package pdftex.def Info: divider-chapter.png  used on input line 6312.
(pdftex.def)             Requested size: 361.34999pt x 34.93172pt.


[87

]

[88]

[89]

[90]

[91]

[92]

[93]

[94]
Underfull \hbox (badness 7238) in paragraph at lines 6905--6906
[]\T1/cmr/m/n/10.95 (+20) 3/4 cup but-tered cracker
 []



[95]

[96]

[97]

[98]

[99]

[100]

[101]

[102

]
Chapter 8.
File: divider-chapter.png Graphic file (type png)
<use divider-chapter.png>
Package pdftex.def Info: divider-chapter.png  used on input line 7395.
(pdftex.def)             Requested size: 361.34999pt x 34.93172pt.


[103]

[104]

[105]

[106]

[107]
Underfull \hbox (badness 10000) in paragraph at lines 7792--7793
[]\T1/cmr/m/n/10.95 (+20) 2 ta-ble-spoons grated
 []


Underfull \hbox (badness 10000) in paragraph at lines 7846--7847
[]\T1/cmr/m/n/10.95 (+20) 1 tea-spoon Worces-ter-shire
 []



[108]

[109]

[110]

[111]

[112]

[113]

[114]

[115]

[116]

[117]

[118]
Underfull \hbox (badness 10000) in paragraph at lines 8841--8842
[]\T1/cmr/m/n/10.95 (+20) 1/2 tea-spoon pep-per-corns,
 []



[119]

[120]

[121]

[122]

[123]

[124]

[125]

[126]
Chapter 9.
File: divider-chapter.png Graphic file (type png)
<use divider-chapter.png>
Package pdftex.def Info: divider-chapter.png  used on input line 9463.
(pdftex.def)             Requested size: 361.34999pt x 34.93172pt.


[127

]

[128]

[129]

[130]

[131]

[132]

[133]

[134]

[135]

[136]
Chapter 10.
File: divider-chapter.png Graphic file (type png)
<use divider-chapter.png>
Package pdftex.def Info: divider-chapter.png  used on input line 10405.
(pdftex.def)             Requested size: 361.34999pt x 34.93172pt.


[137

]

[138]

[139]

[140]

[141]

[142]

[143]

[144

]
Chapter 11.
File: divider-chapter.png Graphic file (type png)
<use divider-chapter.png>
Package pdftex.def Info: divider-chapter.png  used on input line 10860.
(pdftex.def)             Requested size: 361.34999pt x 34.93172pt.


[145]

[146]

[147]

[148]

[149]
Overfull \hbox (1.52473pt too wide) in paragraph at lines 11289--11353
[] 
 []



[150]

[151]

[152]

[153]

[154]

[155]

[156]

[157]

[158]

[159]

[160]

[161]

[162]

[163]
Underfull \hbox (badness 7504) in paragraph at lines 12208--12209
[]\T1/cmr/m/n/10.95 (+20) 1/2 cup but-tered cracker
 []


Underfull \hbox (badness 7238) in paragraph at lines 12244--12245
[]\T1/cmr/m/n/10.95 (+20) 2/3 cup but-tered cracker
 []



[164]

[165]

[166]
Underfull \hbox (badness 10000) in paragraph at lines 12455--12456
[]\T1/cmr/m/n/10.95 (+20) 1 tea-spoon cel-ery, finely
 []



[167]

[168]

[169]
Underfull \hbox (badness 10000) in paragraph at lines 12638--12639
[]\T1/cmr/m/n/10.95 (+20) 1 tea-spoon Worces-ter-shire
 []


Underfull \hbox (badness 10000) in paragraph at lines 12671--12672
[]\T1/cmr/m/n/10.95 (+20) 1 tea-spoon Worces-ter-shire
 []



[170]

[171]
Underfull \hbox (badness 10000) in paragraph at lines 12850--12851
[]\T1/cmr/m/n/10.95 (+20) 2 green pep-pers, finely
 []



[172]

[173]

[174]

[175]

[176]

[177]

[178]
Chapter 12.
File: divider-chapter.png Graphic file (type png)
<use divider-chapter.png>
Package pdftex.def Info: divider-chapter.png  used on input line 13269.
(pdftex.def)             Requested size: 361.34999pt x 34.93172pt.


[179

]

[180]

[181

]

[182]

[183

]

[184]

[185]

[186]

[187]

[188]

[189]

[190]

[191]

[192]

[193]

[194]

[195]

[196]

[197]

[198]
Chapter 13.
File: divider-chapter.png Graphic file (type png)
<use divider-chapter.png>
Package pdftex.def Info: divider-chapter.png  used on input line 14535.
(pdftex.def)             Requested size: 361.34999pt x 34.93172pt.


[199

]

[200]

[201]

[202]

[203]

[204]

[205]

[206]

[207]

[208]
Chapter 14.
File: divider-chapter.png Graphic file (type png)
<use divider-chapter.png>
Package pdftex.def Info: divider-chapter.png  used on input line 15111.
(pdftex.def)             Requested size: 361.34999pt x 34.93172pt.


[209

]

[210]

[211]

[212]

[213]

[214

]
Chapter 15.
File: divider-chapter.png Graphic file (type png)
<use divider-chapter.png>
Package pdftex.def Info: divider-chapter.png  used on input line 15424.
(pdftex.def)             Requested size: 361.34999pt x 34.93172pt.


[215]

[216]

[217]

[218

]
Chapter 16.
File: divider-chapter.png Graphic file (type png)
<use divider-chapter.png>
Package pdftex.def Info: divider-chapter.png  used on input line 15568.
(pdftex.def)             Requested size: 361.34999pt x 34.93172pt.


[219]

[220]

[221]

[222]
Chapter 17.
File: divider-chapter.png Graphic file (type png)
<use divider-chapter.png>
Package pdftex.def Info: divider-chapter.png  used on input line 15786.
(pdftex.def)             Requested size: 361.34999pt x 34.93172pt.


[223

]

[224]

[225]

[226]

[227]

[228]

[229]

[230]

[231]

[232]

[233]

[234]

[235]

[236]

[237]

[238]

[239]

[240]
Underfull \hbox (badness 7238) in paragraph at lines 17033--17034
[]\T1/cmr/m/n/10.95 (+20) 2/3 cup but-tered cracker
 []



[241]

[242]

[243]

[244

]
Chapter 18.
File: divider-chapter.png Graphic file (type png)
<use divider-chapter.png>
Package pdftex.def Info: divider-chapter.png  used on input line 17223.
(pdftex.def)             Requested size: 361.34999pt x 34.93172pt.


[245]

[246]

[247]

[248]

[249]

[250]

[251]

[252]

[253]

[254]

[255]

[256]

[257]

[258]

[259]

[260]

[261]

[262

]
Chapter 19.
File: divider-chapter.png Graphic file (type png)
<use divider-chapter.png>
Package pdftex.def Info: divider-chapter.png  used on input line 18583.
(pdftex.def)             Requested size: 361.34999pt x 34.93172pt.


[263]

[264]

[265]

[266]

[267]

[268]

[269]

[270]

[271]

[272]

[273]

[274]

[275]

[276]

[277]

[278]

[279]

[280]

[281]

[282]

[283]

[284]

[285]

[286]

[287]

[288]
Underfull \hbox (badness 10000) in paragraph at lines 20202--20203
[]\T1/cmr/m/n/10.95 (+20) 1 cup cooked veg-eta-bles
 []


Underfull \hbox (badness 10000) in paragraph at lines 20202--20203
\T1/cmr/m/n/10.95 (+20) rubbed through a sieve,--
 []



[289]

[290

]
Chapter 20.
File: divider-chapter.png Graphic file (type png)
<use divider-chapter.png>
Package pdftex.def Info: divider-chapter.png  used on input line 20251.
(pdftex.def)             Requested size: 361.34999pt x 34.93172pt.


[291]

[292]

[293]

[294]

[295]

[296]

[297]

[298]

[299]

[300]

[301]

[302]
Chapter 21.
File: divider-chapter.png Graphic file (type png)
<use divider-chapter.png>
Package pdftex.def Info: divider-chapter.png  used on input line 20996.
(pdftex.def)             Requested size: 361.34999pt x 34.93172pt.


[303

]

[304]

[305]

[306]

[307]

[308]

[309]

[310]

[311]

[312]

[313]

[314]

[315]

[316]

[317]

[318]

[319]

[320]

[321]

[322]

[323]

[324]
Chapter 22.
File: divider-chapter.png Graphic file (type png)
<use divider-chapter.png>
Package pdftex.def Info: divider-chapter.png  used on input line 22563.
(pdftex.def)             Requested size: 361.34999pt x 34.93172pt.


[325

]

[326]

[327]

[328]

[329]

[330]

[331]

[332]

[333]

[334]

[335]

[336]

[337]

[338]

[339]

[340]

[341]

[342]

[343]

[344]
Underfull \hbox (badness 7238) in paragraph at lines 24256--24257
[]\T1/cmr/m/n/10.95 (+20) 2/3 cup but-tered cracker
 []



[345]

[346]

[347]

[348]

[349]

[350]

[351]

[352]

[353]

[354]

[355]
Underfull \hbox (badness 10000) in paragraph at lines 24995--24996
[]\T1/cmr/m/n/10.95 (+20) 1 ta-ble-spoon grated
 []


Underfull \hbox (badness 5681) in paragraph at lines 25023--25024
[]\T1/cmr/m/n/10.95 (+20) 1/2 cup grated Amer-i-can
 []


Underfull \hbox (badness 5022) in paragraph at lines 25024--25025
[]\T1/cmr/m/n/10.95 (+20) 1/3 cup grated Parme-san
 []



[356]

[357]

[358]

[359]

[360]
Underfull \hbox (badness 7012) in paragraph at lines 25346--25347
[]\T1/cmr/m/n/10.95 (+20) 3/4 ta-ble-spoon gran-u-lated
 []


Underfull \hbox (badness 7415) in paragraph at lines 25403--25404
[]\T1/cmr/m/n/10.95 (+20) 1/2 ta-ble-spoon gran-u-lated
 []



[361]

[362]

[363]

[364

]
Chapter 23.
File: divider-chapter.png Graphic file (type png)
<use divider-chapter.png>
Package pdftex.def Info: divider-chapter.png  used on input line 25522.
(pdftex.def)             Requested size: 361.34999pt x 34.93172pt.


[365]

[366]

[367]

[368]

[369]

[370]

[371]

[372]

[373]

[374]

[375]

[376]

[377]

[378]

[379]

[380]

[381]

[382

]
Chapter 24.
File: divider-chapter.png Graphic file (type png)
<use divider-chapter.png>
Package pdftex.def Info: divider-chapter.png  used on input line 26944.
(pdftex.def)             Requested size: 361.34999pt x 34.93172pt.


[383]

[384]

[385]

[386]

[387]

[388]

[389]

[390

]
Chapter 25.
File: divider-chapter.png Graphic file (type png)
<use divider-chapter.png>
Package pdftex.def Info: divider-chapter.png  used on input line 27372.
(pdftex.def)             Requested size: 361.34999pt x 34.93172pt.


[391]

[392]

[393]

[394]

[395]

[396]

[397]

[398]

[399]

[400]

[401]

[402]

[403]
Underfull \hbox (badness 10000) in paragraph at lines 28401--28402
[]\T1/cmr/m/n/10.95 (+20) 1 ta-ble-spoon gran-u-lated
 []



[404]

[405]

[406]

[407]

[408]

[409]

[410]
Underfull \hbox (badness 7012) in paragraph at lines 29023--29024
[]\T1/cmr/m/n/10.95 (+20) 3/4 ta-ble-spoon gran-u-lated
 []



[411]

[412]
Chapter 26.
File: divider-chapter.png Graphic file (type png)
<use divider-chapter.png>
Package pdftex.def Info: divider-chapter.png  used on input line 29144.
(pdftex.def)             Requested size: 361.34999pt x 34.93172pt.


[413

]

[414]

[415]

[416]

[417]

[418]

[419]

[420]

[421]

[422]

[423]

[424]

[425]

[426]

[427]

[428]

[429]

[430]

[431]

[432]

[433]

[434]

[435]

[436]

[437]
Underfull \hbox (badness 7012) in paragraph at lines 31143--31144
[]\T1/cmr/m/n/10.95 (+20) 3/4 ta-ble-spoon gran-u-lated
 []



[438]

[439]

[440]

[441]

[442]
Chapter 27.
File: divider-chapter.png Graphic file (type png)
<use divider-chapter.png>
Package pdftex.def Info: divider-chapter.png  used on input line 31515.
(pdftex.def)             Requested size: 361.34999pt x 34.93172pt.


[443

]

[444]

[445]

[446]

[447]

[448

]
Chapter 28.
File: divider-chapter.png Graphic file (type png)
<use divider-chapter.png>
Package pdftex.def Info: divider-chapter.png  used on input line 31808.
(pdftex.def)             Requested size: 361.34999pt x 34.93172pt.


[449]

[450]

[451]

[452]

[453]

[454]

[455]
Underfull \hbox (badness 5345) in paragraph at lines 32387--32388
[]\T1/cmr/m/n/10.95 (+20) 1 1/4 cups steamed and
 []



[456] (./the-boston-cooking-school-cook-book.aux)
 ***********
LaTeX2e <2024-11-01> patch level 2
L3 programming layer <2025-01-18>
 ***********
 ) 
Here is how much of TeX's memory you used:
 6113 strings out of 473190
 96784 string characters out of 5715801
 564489 words of memory out of 5000000
 29058 multiletter control sequences out of 15000+600000
 581993 words of font info for 193 fonts, out of 8000000 for 9000
 1141 hyphenation exceptions out of 8191
 57i,9n,70p,1134b,329s stack positions out of 10000i,1000n,20000p,200000b,200000s
</usr/local/texlive/2025/texmf-dist/fonts/type1/public/cm-super/sfbx1095.pfb></usr/local/texlive/2025/texmf-dist/fonts/type1/public/cm-super/sfbx1200.pfb></usr/local/texlive/2025/texmf-dist/fonts/type1/public/cm-super/sfbx1440.pfb></usr/local/texlive/2025/texmf-dist/fonts/type1/public/cm-super/sfbx2074.pfb></usr/local/texlive/2025/texmf-dist/fonts/type1/public/cm-super/sfrm0800.pfb></usr/local/texlive/2025/texmf-dist/fonts/type1/public/cm-super/sfrm1095.pfb></usr/local/texlive/2025/texmf-dist/fonts/type1/public/cm-super/sfsl1095.pfb></usr/local/texlive/2025/texmf-dist/fonts/type1/public/cm-super/sfti1095.pfb>
Output written on the-boston-cooking-school-cook-book.pdf (456 pages, 1183748 bytes).
PDF statistics:
 1523 PDF objects out of 1728 (max. 8388607)
 1035 compressed objects within 11 object streams
 0 named destinations out of 1000 (max. 500000)
 32774 words of extra memory for PDF output out of 35830 (max. 10000000)

